
CLIENT_HANDSHAKE_TRAFFIC_SECRET 6d7bcaaa5b83616f0d65e8cd391cf3dee30191e93ba10616f34685fb350ee3f5 c49e94514ca81dab584b7e9687edcd208b432198fcae81f480b233e79ffe014dd254b0e9dd62a0946decbafeae57da4c
SERVER_HANDSHAKE_TRAFFIC_SECRET 6d7bcaaa5b83616f0d65e8cd391cf3dee30191e93ba10616f34685fb350ee3f5 710ecc757b097b8097470073d42a8f03be149ecd23360d575561db49d31ee158d490039c85374afff0463057220312e2
CLIENT_TRAFFIC_SECRET_0 6d7bcaaa5b83616f0d65e8cd391cf3dee30191e93ba10616f34685fb350ee3f5 149079c5ae82a8e0e36d06907ca3c99a58d2e61279be41b214a650503371305856c3eac79e9ab686f202f10d871962f8
SERVER_TRAFFIC_SECRET_0 6d7bcaaa5b83616f0d65e8cd391cf3dee30191e93ba10616f34685fb350ee3f5 36c688ccd04a58cc1a0747ef5548c3026f164b27ee1ef8423434fb33164bce0566f3da0db8eaf0517829597a2ba0c152
EXPORTER_SECRET 6d7bcaaa5b83616f0d65e8cd391cf3dee30191e93ba10616f34685fb350ee3f5 58f803b92e0d9f0a99560d6011bebcbff7f3b09a1196c7b26f0769572730695fe630479c18c7ec469b96d9bd696055fe
CLIENT_HANDSHAKE_TRAFFIC_SECRET 6bb62dd00db7db71fd90700233ca13759092002bdabd48c8aa7a6477ca1d67ba 295e973c3e5f7f45591fa248a2bd4929dda6b5a718ba997f3c6d96cc94d614736a9050acb6c740bfd19ee0f6d385a19c
SERVER_HANDSHAKE_TRAFFIC_SECRET 6bb62dd00db7db71fd90700233ca13759092002bdabd48c8aa7a6477ca1d67ba f039ba3a22d696a1f2dd528bd1af86fbb99b41a7b1f3fc8de5bdf591545d0c4cface0dc58a74ab79009adc20722a4d3b
CLIENT_TRAFFIC_SECRET_0 6bb62dd00db7db71fd90700233ca13759092002bdabd48c8aa7a6477ca1d67ba a579f14627c71637ed71bed70ae62f291c3be53494ea5fd000ebedc7a7919f948f724d7d2b8a1350ac39ba75392f205a
SERVER_TRAFFIC_SECRET_0 6bb62dd00db7db71fd90700233ca13759092002bdabd48c8aa7a6477ca1d67ba 01e9b44baec0227bf9969675bd45efeb42b84bd1e9746fdf0f7b82da025b072af4708b9f12cb4b9299314e54d2feced7
EXPORTER_SECRET 6bb62dd00db7db71fd90700233ca13759092002bdabd48c8aa7a6477ca1d67ba 97a84f94497969810c016f806deaa17612b86f959330f0291aef18a01c60e2f05f511b5538df0d2b493e1b2a49555b34
CLIENT_EARLY_TRAFFIC_SECRET 1991afe82294cefb985a4a1628ad8f42ca913e45ae9c80e1d0cb3355d0d4e5bf b80a0c54a4d3583e9e996701dbd2fb1ddaecc90c7e455b3563857b4c3e5568d6
CLIENT_HANDSHAKE_TRAFFIC_SECRET 1991afe82294cefb985a4a1628ad8f42ca913e45ae9c80e1d0cb3355d0d4e5bf 115d1f6c26c8db3543575cba2154a3840ae064a8efa129741e6477c465a1d09c
SERVER_HANDSHAKE_TRAFFIC_SECRET 1991afe82294cefb985a4a1628ad8f42ca913e45ae9c80e1d0cb3355d0d4e5bf fe4be9e6d43dade17cedec7463904ebf2f713135df663049766358f37c8743ae
CLIENT_TRAFFIC_SECRET_0 1991afe82294cefb985a4a1628ad8f42ca913e45ae9c80e1d0cb3355d0d4e5bf e70325abb16353f27918901f335dbe4bf4ddd4a4b81e1cf28c42594c5cf0f662
SERVER_TRAFFIC_SECRET_0 1991afe82294cefb985a4a1628ad8f42ca913e45ae9c80e1d0cb3355d0d4e5bf 598065a20084eca2bf8ea6090bada5658f5aa22d9b7a6c089b3228c4ef14b8ac
EXPORTER_SECRET 1991afe82294cefb985a4a1628ad8f42ca913e45ae9c80e1d0cb3355d0d4e5bf f1fc1f336efd372ef390f680eaa343f85b28e84a01c97ab6f60d238597b6d606
CLIENT_EARLY_TRAFFIC_SECRET 0272a45d50080af4064005ac766a13e38e9ffd02d0b4786683f7537212270f4f 8dd5088849693dcc937e33af36884841af6288443ef4e4b8b1a2cc9e147dd826
CLIENT_HANDSHAKE_TRAFFIC_SECRET 0272a45d50080af4064005ac766a13e38e9ffd02d0b4786683f7537212270f4f afcb1e1270f5ad841571b206babd51cf58a872e4f8f22936dfd6569426f831ba
SERVER_HANDSHAKE_TRAFFIC_SECRET 0272a45d50080af4064005ac766a13e38e9ffd02d0b4786683f7537212270f4f 90dab40d20b2acc2d47b7f48965822232b0ca5a254a990b7644fc247b3688bcf
CLIENT_TRAFFIC_SECRET_0 0272a45d50080af4064005ac766a13e38e9ffd02d0b4786683f7537212270f4f ab64ab7e83585971edc71d0abcafc4dcca7e16ee9ff8c931929a472d48add8c4
SERVER_TRAFFIC_SECRET_0 0272a45d50080af4064005ac766a13e38e9ffd02d0b4786683f7537212270f4f b612b1dc8294f7cdba45b7f3359873ec64ac344df93007705f521505a4db0547
EXPORTER_SECRET 0272a45d50080af4064005ac766a13e38e9ffd02d0b4786683f7537212270f4f 03b5cd3faf93b8f1c92fd573d579d9d56ebfd9b09245269fd85092ee67dc33f0
