
CLIENT_EARLY_TRAFFIC_SECRET 08eff42569c29903a4d15cd2ac933eb4253bede224230ce72d77332b13271e9a b18f4050048f6d5d9b411f1c326113d96eaa997a0becbb238ee94a716e6aa07d
CLIENT_HANDSHAKE_TRAFFIC_SECRET 08eff42569c29903a4d15cd2ac933eb4253bede224230ce72d77332b13271e9a 89f8c990aabdb53ff267541c0417e802baf5b6fff28effb685b1a788b13e73cc
SERVER_HANDSHAKE_TRAFFIC_SECRET 08eff42569c29903a4d15cd2ac933eb4253bede224230ce72d77332b13271e9a 9d554927d4938ef8c0975baba575ffe9adc7f9cf22a2dc38416782d35fc2aa31
CLIENT_TRAFFIC_SECRET_0 08eff42569c29903a4d15cd2ac933eb4253bede224230ce72d77332b13271e9a 56849932515703aff1746773380b6cd34cb9ee223be68c28703c31946ab09ac1
SERVER_TRAFFIC_SECRET_0 08eff42569c29903a4d15cd2ac933eb4253bede224230ce72d77332b13271e9a 8cc522637a173dd2917a6600129c83e61a10e5ce6363722487fcb42c3cd9c13d
EXPORTER_SECRET 08eff42569c29903a4d15cd2ac933eb4253bede224230ce72d77332b13271e9a aef63e3523aee6397dcc451bd557018b19c308a4cdd356a9516c1bd17ca35976
CLIENT_EARLY_TRAFFIC_SECRET 981f3f23c693168af215c7a78a27b618fa9b4a9a8e518898694c8bd7b92ae2a9 16d54ad9baa582f2a4d14974e33a5735f68eaac316f3347d6007e017777bfc4e
CLIENT_HANDSHAKE_TRAFFIC_SECRET 981f3f23c693168af215c7a78a27b618fa9b4a9a8e518898694c8bd7b92ae2a9 ae1ea46d35d38c48c5e12e8d76f2b0719c65ec737dc41020216a4495005a06b7
SERVER_HANDSHAKE_TRAFFIC_SECRET 981f3f23c693168af215c7a78a27b618fa9b4a9a8e518898694c8bd7b92ae2a9 ac0164d9f83ae5845db98cc67107b74444ff5d6f41afd4975715b40436675156
CLIENT_TRAFFIC_SECRET_0 981f3f23c693168af215c7a78a27b618fa9b4a9a8e518898694c8bd7b92ae2a9 f076807376a8d60a5167ee8ef1140405ce454dc5f64616c3d8f9ed4fcfa89361
SERVER_TRAFFIC_SECRET_0 981f3f23c693168af215c7a78a27b618fa9b4a9a8e518898694c8bd7b92ae2a9 bf804f8e6a15dad9428432c24b9235f49d80c61e6d8730f280133d73393b8072
EXPORTER_SECRET 981f3f23c693168af215c7a78a27b618fa9b4a9a8e518898694c8bd7b92ae2a9 7ca3b85c4d7a6a02b70c8026967d9aae3524a190ab75e79f8a6e35b202f918a1
CLIENT_EARLY_TRAFFIC_SECRET 4be888888e390a718d9c7cc5104f2e8d7a82dede69486f03beb421e414a2caeb 16b5637f210ef5546094ff1ea34324eae78f4bbdb2541dc41be5088d01c979c6
CLIENT_HANDSHAKE_TRAFFIC_SECRET 4be888888e390a718d9c7cc5104f2e8d7a82dede69486f03beb421e414a2caeb 0d58d057a960a1581c81734bd17b5b4c927be29f5f4f3526c1b056b488102851
SERVER_HANDSHAKE_TRAFFIC_SECRET 4be888888e390a718d9c7cc5104f2e8d7a82dede69486f03beb421e414a2caeb 1a3d544a406bc4bb6935a64a3e509bb0386ddf208d85a1f0a2d7cb1557c3f1c4
CLIENT_TRAFFIC_SECRET_0 4be888888e390a718d9c7cc5104f2e8d7a82dede69486f03beb421e414a2caeb 3f848f10a8248249b175781fe305583bfdd3daa390c7084c49dbbd52700fcf86
SERVER_TRAFFIC_SECRET_0 4be888888e390a718d9c7cc5104f2e8d7a82dede69486f03beb421e414a2caeb 33c8a9c41ad1e419ba74e22f51f674f31b22d4becd361fc5e941e9a62b2f819c
EXPORTER_SECRET 4be888888e390a718d9c7cc5104f2e8d7a82dede69486f03beb421e414a2caeb 9cc4bde1c67f88bb69607dae6c64df79dd5758ba5777d2f0c7347343a1b3dbef
CLIENT_EARLY_TRAFFIC_SECRET 6f7e44d7eba156eb357c9b3fb8c01225ec2d24fa622de355cb088b7d08bb183b 05a3da642d1bd79911e18ba8dd57af57880f5ed40f2d051b534fdea10c3bd3b9
CLIENT_HANDSHAKE_TRAFFIC_SECRET 6f7e44d7eba156eb357c9b3fb8c01225ec2d24fa622de355cb088b7d08bb183b a0cf2e03b2d8d66fcd2be000a3308e5a96f0c12cbb761b9cd0505c855c65fb33
SERVER_HANDSHAKE_TRAFFIC_SECRET 6f7e44d7eba156eb357c9b3fb8c01225ec2d24fa622de355cb088b7d08bb183b 8aad59f4933b69cd9fd34435773fd659b949e33e59a9ffbf702db46629b8ea6c
CLIENT_TRAFFIC_SECRET_0 6f7e44d7eba156eb357c9b3fb8c01225ec2d24fa622de355cb088b7d08bb183b b38793a109fba3a1b111c038011da89f43795bca80fd6eeee2283c849471d5ec
SERVER_TRAFFIC_SECRET_0 6f7e44d7eba156eb357c9b3fb8c01225ec2d24fa622de355cb088b7d08bb183b 88d374f0a3ef3e2dda13529805ed2de745d1144041013018c2cd2cdd9939599c
EXPORTER_SECRET 6f7e44d7eba156eb357c9b3fb8c01225ec2d24fa622de355cb088b7d08bb183b e61bcfa1357c81fe7dab3aa10cbc8dfdd34cdc50a81240420cee01933c59a7ae
CLIENT_EARLY_TRAFFIC_SECRET 76968b842beec3bbf842263d5b253dee03a2b3db2644a236b1a58d6565bfbfca d94b5d0f7002c1348ecc8ce3b404d6c90c9f2a7ac5d4231b4fd171b7d21105d0
CLIENT_EARLY_TRAFFIC_SECRET 4abc0a9364d3ad634dcdc9142a62754593c8115f32679a289aa7cb0968a86c1b 752dd2a11321456f745658e27496c1bc7ec6948b3f98319fdf65cc8ae3d8216f
CLIENT_HANDSHAKE_TRAFFIC_SECRET 76968b842beec3bbf842263d5b253dee03a2b3db2644a236b1a58d6565bfbfca c14fe8068a5b3140f9bba3790a8d84f3f41b49c9c99dec8ccc24ed0faea15bca
SERVER_HANDSHAKE_TRAFFIC_SECRET 76968b842beec3bbf842263d5b253dee03a2b3db2644a236b1a58d6565bfbfca 556f742eadf3a0ecb397a1d107387e4a2584ad3b51d41bccc7d34010902ef0a0
CLIENT_TRAFFIC_SECRET_0 76968b842beec3bbf842263d5b253dee03a2b3db2644a236b1a58d6565bfbfca 3bccf6dd0486609ff8e7f8ecffb85c41fa23101655d63c9d21173b0a334093d4
SERVER_TRAFFIC_SECRET_0 76968b842beec3bbf842263d5b253dee03a2b3db2644a236b1a58d6565bfbfca 4385c0ca41a9675bc54d9e8eab009451d295566ae16ed3b7a6ef1e0a25ca5c4a
EXPORTER_SECRET 76968b842beec3bbf842263d5b253dee03a2b3db2644a236b1a58d6565bfbfca be02cc8a982db2147b726b148323108d8a7cf4d704739fe8626094c2759ca841
CLIENT_HANDSHAKE_TRAFFIC_SECRET 4abc0a9364d3ad634dcdc9142a62754593c8115f32679a289aa7cb0968a86c1b 5f03a105ec5e13eb0ca51f44ab31477ea86d3752ade522e36d6c6173aaf10018
SERVER_HANDSHAKE_TRAFFIC_SECRET 4abc0a9364d3ad634dcdc9142a62754593c8115f32679a289aa7cb0968a86c1b f57b7f4e60c73e6c5adabcf162b5ad1b215f875669fcd00973821f90ce864778
CLIENT_TRAFFIC_SECRET_0 4abc0a9364d3ad634dcdc9142a62754593c8115f32679a289aa7cb0968a86c1b 13168174341e7c829da646b12a29bf8cd7cf37f871d9a13d5949c4cfda10a881
SERVER_TRAFFIC_SECRET_0 4abc0a9364d3ad634dcdc9142a62754593c8115f32679a289aa7cb0968a86c1b 386e66cf7bfde7e4fad9d288ff533fcb1ee81d76e9b72df7209d83c86a525252
EXPORTER_SECRET 4abc0a9364d3ad634dcdc9142a62754593c8115f32679a289aa7cb0968a86c1b 7421d4f46b668215c28c19db7fe6f9b7aaa30bfa1c3cce48ed586954ceb40e19
CLIENT_HANDSHAKE_TRAFFIC_SECRET f7ed1f2034fd748f5a785133cf31acc377f249e9f01ce95cd7fc787d4c788502 6366fcfffcdd82234639148b3dd01f044b166892a4125b32372541d54c17e7ae
SERVER_HANDSHAKE_TRAFFIC_SECRET f7ed1f2034fd748f5a785133cf31acc377f249e9f01ce95cd7fc787d4c788502 f315c36c6c5ad2fb9019176725ae508036a067e4f2222a39bf9bd45f36cdbe39
CLIENT_TRAFFIC_SECRET_0 f7ed1f2034fd748f5a785133cf31acc377f249e9f01ce95cd7fc787d4c788502 09b8be364cd2e4f53b326414107d512418d942a73e28daff6da638dceea1bc23
SERVER_TRAFFIC_SECRET_0 f7ed1f2034fd748f5a785133cf31acc377f249e9f01ce95cd7fc787d4c788502 ae2ac23b5c885dea650f71eabe9b28518c6b28f9176f203083366b9b485744b6
EXPORTER_SECRET f7ed1f2034fd748f5a785133cf31acc377f249e9f01ce95cd7fc787d4c788502 f64ba57e44a40068197e29cdf07e52fe5453ae5393c8f46e116b12a8a73f3899
CLIENT_EARLY_TRAFFIC_SECRET d4945357a15cd47bbd8b581f09b9b68e563ae8bcede4ab740c8b7f3b967587be 974101561e164d3533f751ff5cb91d591dd74be11e4ba2843c8e48fce8a95e12
CLIENT_HANDSHAKE_TRAFFIC_SECRET d4945357a15cd47bbd8b581f09b9b68e563ae8bcede4ab740c8b7f3b967587be 644381649297b72e77bc99836b3895fb18313dbaa4089984ca21d3d5e016479f
SERVER_HANDSHAKE_TRAFFIC_SECRET d4945357a15cd47bbd8b581f09b9b68e563ae8bcede4ab740c8b7f3b967587be 64b2f4c947e4e0208841272e1c6ba9f91ea78651b409414a71d4e79a222cab68
CLIENT_TRAFFIC_SECRET_0 d4945357a15cd47bbd8b581f09b9b68e563ae8bcede4ab740c8b7f3b967587be 59050d92b4e7345d8f62684eaa5d0d2e11ee67de5bd947eefe7e279aa729ae5c
SERVER_TRAFFIC_SECRET_0 d4945357a15cd47bbd8b581f09b9b68e563ae8bcede4ab740c8b7f3b967587be 351dad9a289316d56b974cf5ed0ce384d06e135b57ec76dc2f5173c682566e04
EXPORTER_SECRET d4945357a15cd47bbd8b581f09b9b68e563ae8bcede4ab740c8b7f3b967587be d60afe65fa554694b66d29933d563b2cdaf76dfc12d12f2eec9c771f6abf1ca2
CLIENT_EARLY_TRAFFIC_SECRET 41366b61218045fc757f0e25c9ca7879f92e88ea3339f01dce780613547807ff e9763d247beffcc3d43ce5a699f825a33407e291ec8a28c9e432f078d2ff28e0
CLIENT_HANDSHAKE_TRAFFIC_SECRET 41366b61218045fc757f0e25c9ca7879f92e88ea3339f01dce780613547807ff e73226b44c7689a43191f05e94de1346dbfa52e638b9cef720081c76705bd593
SERVER_HANDSHAKE_TRAFFIC_SECRET 41366b61218045fc757f0e25c9ca7879f92e88ea3339f01dce780613547807ff 42c27deb1d845c9657e1cc34a3756f585ea48b144841630a9473ee71d18c000a
CLIENT_TRAFFIC_SECRET_0 41366b61218045fc757f0e25c9ca7879f92e88ea3339f01dce780613547807ff 77a38685a454c3473cf57c50601c89b7ad297b1320bbd5d37afecce926a64291
SERVER_TRAFFIC_SECRET_0 41366b61218045fc757f0e25c9ca7879f92e88ea3339f01dce780613547807ff e9777a8f8c3e812cc7313dfb08b5374b9875b63f12b5a0683e60d9c3b7f7142d
EXPORTER_SECRET 41366b61218045fc757f0e25c9ca7879f92e88ea3339f01dce780613547807ff 41358bb8db9539f4e0736b53a3853503fa6524d1d67e4b17e4c02ab437865692
CLIENT_EARLY_TRAFFIC_SECRET 0aa065a5b64ee28a96a58f9a1262a39d9f55fc48dde3e94bacc4b1646954667c 24046c5c7a287b9c76ac9659642f606f2ccef39db693d5dd6d197acd264e3dea
CLIENT_HANDSHAKE_TRAFFIC_SECRET 0aa065a5b64ee28a96a58f9a1262a39d9f55fc48dde3e94bacc4b1646954667c 72dfd77c178bd6e6a0484bba34c2a4adce17bee4b5ebfcee6979e42b4e9e39cc
SERVER_HANDSHAKE_TRAFFIC_SECRET 0aa065a5b64ee28a96a58f9a1262a39d9f55fc48dde3e94bacc4b1646954667c f2fc0235d3fc6f99500f2834385c4660587b55a5cb2b771ac55ebc913ceaa771
CLIENT_TRAFFIC_SECRET_0 0aa065a5b64ee28a96a58f9a1262a39d9f55fc48dde3e94bacc4b1646954667c 844e29326c3eaa745c61be667172e4c8d1505560f52e1eae729adae5de4dcae6
SERVER_TRAFFIC_SECRET_0 0aa065a5b64ee28a96a58f9a1262a39d9f55fc48dde3e94bacc4b1646954667c 9b184f66850ee5e5e3f2eb8cb366627cd96294f43cbac112cfda4450b2bc4a05
EXPORTER_SECRET 0aa065a5b64ee28a96a58f9a1262a39d9f55fc48dde3e94bacc4b1646954667c 5923bc725265977df0f3edcc1015b675b1973f334aec2da1386ce25fdc19489e
CLIENT_EARLY_TRAFFIC_SECRET bf37c0a950c8ac62bded442793585ecb5ebbbbbf69fc6e35a51bc0138fe6fe7d f2dfa1fe7ea28ab166ce60deb1b06629effaff8e85033cb163aad8ce2ed294e4
CLIENT_HANDSHAKE_TRAFFIC_SECRET bf37c0a950c8ac62bded442793585ecb5ebbbbbf69fc6e35a51bc0138fe6fe7d e83747b659e3722893095bdc9c97a956d6faeb1fb19c8c8f1d72a5cee5b39f0b
SERVER_HANDSHAKE_TRAFFIC_SECRET bf37c0a950c8ac62bded442793585ecb5ebbbbbf69fc6e35a51bc0138fe6fe7d 32952695d52fd5130c948868237326d856f7c041658ec9784642f305d7e6e2c9
CLIENT_TRAFFIC_SECRET_0 bf37c0a950c8ac62bded442793585ecb5ebbbbbf69fc6e35a51bc0138fe6fe7d 5bad25a5096d7a9b2b5efb3947cc23592587a0b19775c09b226eafb8f4c77431
SERVER_TRAFFIC_SECRET_0 bf37c0a950c8ac62bded442793585ecb5ebbbbbf69fc6e35a51bc0138fe6fe7d a17737eedb284daf8d7d1ad6bae3863495d3cd6081f5164942034d46c1e2264b
EXPORTER_SECRET bf37c0a950c8ac62bded442793585ecb5ebbbbbf69fc6e35a51bc0138fe6fe7d c52a91fde6db379d9254e8f53897430f61fc903fcab00acddca50d2904089eb9
CLIENT_EARLY_TRAFFIC_SECRET cd1e54b44539ded114770e243342a0fa97d3404a850416d6451948c0a8a667d9 c68fa28304193cbadc4e02e1834077e129225ceb89751687a8100c223d4f5b92
CLIENT_HANDSHAKE_TRAFFIC_SECRET cd1e54b44539ded114770e243342a0fa97d3404a850416d6451948c0a8a667d9 e34fcd23b0355ab8d835d391fd74514dc00b0ba685ab9f8b1ef007aee0ce9bfd
SERVER_HANDSHAKE_TRAFFIC_SECRET cd1e54b44539ded114770e243342a0fa97d3404a850416d6451948c0a8a667d9 f4025136843d482f0fe183a772d5173114c84fa620145d077780c0f027cef96a
CLIENT_TRAFFIC_SECRET_0 cd1e54b44539ded114770e243342a0fa97d3404a850416d6451948c0a8a667d9 27bc7434ebf16b808db57521d0ff6c34b1a0b9a73dc5ac313002043e8b8eb81c
SERVER_TRAFFIC_SECRET_0 cd1e54b44539ded114770e243342a0fa97d3404a850416d6451948c0a8a667d9 8732d02b71cb63e48bfeefb4688d37ecca6f05df8fdc773cb3fc3db5318afef6
EXPORTER_SECRET cd1e54b44539ded114770e243342a0fa97d3404a850416d6451948c0a8a667d9 dacc001bbad4b4801969e2a80c26d09920bd028dd8bf473ce852a4d08e1614b9
CLIENT_HANDSHAKE_TRAFFIC_SECRET c3d2f73db89e8af0ad5957626f3afc11cc511ee3a5611af7796e34f8c0ddd715 c9882a8cb6ddc60adc15e3fddb42252d98ba9b50435b36aae110dd7e65867abf
SERVER_HANDSHAKE_TRAFFIC_SECRET c3d2f73db89e8af0ad5957626f3afc11cc511ee3a5611af7796e34f8c0ddd715 5a94ae5e1381fdb2d02492084d70dfc36a3b3b88097b7bc8bae666959823ff26
CLIENT_TRAFFIC_SECRET_0 c3d2f73db89e8af0ad5957626f3afc11cc511ee3a5611af7796e34f8c0ddd715 0609be1ed890a6728fddafea1d4a9279f19734bac625d7111f9ce0fe0475f271
SERVER_TRAFFIC_SECRET_0 c3d2f73db89e8af0ad5957626f3afc11cc511ee3a5611af7796e34f8c0ddd715 bfc4e73c2cfd0763dd9be362e3bf8d55b17b71c9e6d0685f09ab9b9a5589cfd0
EXPORTER_SECRET c3d2f73db89e8af0ad5957626f3afc11cc511ee3a5611af7796e34f8c0ddd715 b03d91b62befc1c80330962a95e34eb8be791f731ffb374f328e510be4725825
CLIENT_EARLY_TRAFFIC_SECRET 2ac022942a1c114a82eb756a729b737f17004a41a49857e6d7c3783076358712 9831266a0bc94608c704082ef08fbc1f87a56e45f340201983fa3bcea393f74e
CLIENT_EARLY_TRAFFIC_SECRET 03469c97906e753ef5bcb629dd1147eced69c48267413025fde95cc327847c87 7a3f2e580def21f065f533710b29c69cdb75fe27e1afda8b8cbe9e3afb35c50d
CLIENT_HANDSHAKE_TRAFFIC_SECRET 2ac022942a1c114a82eb756a729b737f17004a41a49857e6d7c3783076358712 9d592a3150b143c3947b4b6d5d0d173fb17d8bb84fb361e96306721446791bdd
SERVER_HANDSHAKE_TRAFFIC_SECRET 2ac022942a1c114a82eb756a729b737f17004a41a49857e6d7c3783076358712 9959beea147b6b04e142ddcd96686a809828b5970f8f2ca04e5a7700ee43d0e3
CLIENT_TRAFFIC_SECRET_0 2ac022942a1c114a82eb756a729b737f17004a41a49857e6d7c3783076358712 af569b963f7dfb0a56401b3096ff3512c9c42583c8892ae2d70e73571f282ef8
SERVER_TRAFFIC_SECRET_0 2ac022942a1c114a82eb756a729b737f17004a41a49857e6d7c3783076358712 e9a3baca86738706278f337f3652da10ae4c8f39bfdf4d596a9ee066186f1c23
EXPORTER_SECRET 2ac022942a1c114a82eb756a729b737f17004a41a49857e6d7c3783076358712 1aeb070cc38ddfcf6a2e9b8076fab2622d4ba24e1f56ce491f3a6fed2297733f
CLIENT_HANDSHAKE_TRAFFIC_SECRET 03469c97906e753ef5bcb629dd1147eced69c48267413025fde95cc327847c87 e657f84e8d088cc8bf218d690af434eeac578c800b8abcd57b37f0c1e04fe7ca
SERVER_HANDSHAKE_TRAFFIC_SECRET 03469c97906e753ef5bcb629dd1147eced69c48267413025fde95cc327847c87 a26a887dfa27119e67ca883706a4aeedcbf9680b79cd059c5b97ddf6562f50fc
CLIENT_TRAFFIC_SECRET_0 03469c97906e753ef5bcb629dd1147eced69c48267413025fde95cc327847c87 58b96219e99de9ab6c4e36c31959b59d02328791eb2c964881727c4180abc1a6
SERVER_TRAFFIC_SECRET_0 03469c97906e753ef5bcb629dd1147eced69c48267413025fde95cc327847c87 3f5d4d44dd7bad9cb7aa8cab3310040411660be58beeca1b91865ef078d16c6e
EXPORTER_SECRET 03469c97906e753ef5bcb629dd1147eced69c48267413025fde95cc327847c87 33b90430a2d2ff8c21cb8fa2778cbaa9e7385512291e3f9cdf1d633f941edd24
SERVER_HANDSHAKE_TRAFFIC_SECRET aa27dcbd16537cd6a7585e5fd6f81a8f6bc5b5d3ae998b7103f2bbbdc0e365eb e0941be3b828ee5ad41e420a1e5ef1436052eed4ed68716bed7b2509ff3c2204
EXPORTER_SECRET aa27dcbd16537cd6a7585e5fd6f81a8f6bc5b5d3ae998b7103f2bbbdc0e365eb e746c997a99ab3327e4b3e3ca9cb3878962f4f71eb437a0b4d54f659f22b4a5c
SERVER_TRAFFIC_SECRET_0 aa27dcbd16537cd6a7585e5fd6f81a8f6bc5b5d3ae998b7103f2bbbdc0e365eb 7a93c5292502d7bd62226c135bc18d1f73780f60bb59c51ea8c3d1c06b74ecf1
CLIENT_HANDSHAKE_TRAFFIC_SECRET aa27dcbd16537cd6a7585e5fd6f81a8f6bc5b5d3ae998b7103f2bbbdc0e365eb 54ce33e05b85506f037c820120cbfc2be59abda48c9310078a4bacd6c14e0620
CLIENT_TRAFFIC_SECRET_0 aa27dcbd16537cd6a7585e5fd6f81a8f6bc5b5d3ae998b7103f2bbbdc0e365eb 0c528ac4e800f465b18a940690166b789386a945b389bfa2a2add40cd5a27478
CLIENT_EARLY_TRAFFIC_SECRET 6df365283bf59fd3d2fdea0398c133e872cb49353fd8bba3ccc415a700b1fc10 c138922991636e58d5a8110a427996a66c92ddf47278c32201b1c7e4cde19ea7
CLIENT_HANDSHAKE_TRAFFIC_SECRET 6df365283bf59fd3d2fdea0398c133e872cb49353fd8bba3ccc415a700b1fc10 d78c8f9ba0c074e83200a93314b2ee6104a3bf0ab85fc98b745b861aff0da49c
SERVER_HANDSHAKE_TRAFFIC_SECRET 6df365283bf59fd3d2fdea0398c133e872cb49353fd8bba3ccc415a700b1fc10 9ef504010aa4001584f974e23ca0756607890916d245f996e7c674557901481c
CLIENT_TRAFFIC_SECRET_0 6df365283bf59fd3d2fdea0398c133e872cb49353fd8bba3ccc415a700b1fc10 dc140a32f7572b6194ffe17c98bc5fdbfa6b2d8e5c9398578bc4d258820a0d33
SERVER_TRAFFIC_SECRET_0 6df365283bf59fd3d2fdea0398c133e872cb49353fd8bba3ccc415a700b1fc10 2a5bd47b901a23d0a6d0eda38343ca4ba290b1c0bf52fa28b7be4886b05f2dd5
EXPORTER_SECRET 6df365283bf59fd3d2fdea0398c133e872cb49353fd8bba3ccc415a700b1fc10 9e46c01520d9d9f23d1d9af8699217b3436822db6b6036e496ed838f964e1c5f
