
CLIENT_EARLY_TRAFFIC_SECRET 7231c818e8c650fd7e6b5d8a0b1805631affd1c4cf183ccd354da304829d1d52 ad7667c6fffcdf1b5b5ac2cc1d1f88317887a3c3b2efedad1edb505e45465542
CLIENT_HANDSHAKE_TRAFFIC_SECRET 7231c818e8c650fd7e6b5d8a0b1805631affd1c4cf183ccd354da304829d1d52 43a4aa0aad8d14e281b9bfd96412977b4efbc563704d6de74b3dc968befd15c2
SERVER_HANDSHAKE_TRAFFIC_SECRET 7231c818e8c650fd7e6b5d8a0b1805631affd1c4cf183ccd354da304829d1d52 2748e4dbe6822effba45dd13ac7b29b6c7d3ec100b9ab3162ee3177103de5c27
CLIENT_TRAFFIC_SECRET_0 7231c818e8c650fd7e6b5d8a0b1805631affd1c4cf183ccd354da304829d1d52 2c160e2899a19b1e76982072473ec8a90c8873e595507e1153ed8b245b9acda3
SERVER_TRAFFIC_SECRET_0 7231c818e8c650fd7e6b5d8a0b1805631affd1c4cf183ccd354da304829d1d52 1de6f26495fc4682bd55ab8a82ebf2f5a65304f86f4105ac023231bc18df975c
EXPORTER_SECRET 7231c818e8c650fd7e6b5d8a0b1805631affd1c4cf183ccd354da304829d1d52 52f0bd5bb05b908abb638196ad61e72043db55e0a22ac68e43ad59501a69ca1b
CLIENT_HANDSHAKE_TRAFFIC_SECRET 5a74f9a980b4b21800b863d6e813239f8917f52ccac2124edce3c7d200254244 8ac573bbe6220c3091fa6a1075238e50cc5f01b776e067cb1918cc530294f24a
SERVER_HANDSHAKE_TRAFFIC_SECRET 5a74f9a980b4b21800b863d6e813239f8917f52ccac2124edce3c7d200254244 a5ff6bd3e1012c7aa4fa89b1fcd5a302af462ca3ef80059f1b6b85df618f9cc8
CLIENT_TRAFFIC_SECRET_0 5a74f9a980b4b21800b863d6e813239f8917f52ccac2124edce3c7d200254244 80d54122744f31781e5f9890fce5f9f8e56d82c7d8d214e515e26bd5760a1559
SERVER_TRAFFIC_SECRET_0 5a74f9a980b4b21800b863d6e813239f8917f52ccac2124edce3c7d200254244 d054d632938d866e8d3a5aea28351be6343f5a1edb81571e8d7ef681f193cdac
EXPORTER_SECRET 5a74f9a980b4b21800b863d6e813239f8917f52ccac2124edce3c7d200254244 905e44518a535d5732ca30dad04e8f1008f44a2167f169af2770bbd0eb8b7fdb
CLIENT_HANDSHAKE_TRAFFIC_SECRET 1d2ac844b7f5489e0b7a527f464839fcc2885454015fbf403b661b40688261ca 3fac309f27ec08cb69f802e230d63c1aa1db9716d1e213ee50e32b4eeb5a33b59dc2425753e166a1a67b65a788aef261
SERVER_HANDSHAKE_TRAFFIC_SECRET 1d2ac844b7f5489e0b7a527f464839fcc2885454015fbf403b661b40688261ca 086434595380fa3e1e330de953c2aef9cf2477910b33a159a30551914b15cc92501af7fd1cdefb7ff8ea08dae9ba167e
CLIENT_TRAFFIC_SECRET_0 1d2ac844b7f5489e0b7a527f464839fcc2885454015fbf403b661b40688261ca fd21352ea81f4d6c1afe5ad684b9732af8cb9441ef759510a93fb833aa069a895e84ce3a915218ddee35156264c1f99d
SERVER_TRAFFIC_SECRET_0 1d2ac844b7f5489e0b7a527f464839fcc2885454015fbf403b661b40688261ca 5c113cd70b2d7e60cfe0495e8c6dcd6d98798c50fc1bc07823e733376d3ca080ab48d7ed88a6b1e369425afde32e16e3
EXPORTER_SECRET 1d2ac844b7f5489e0b7a527f464839fcc2885454015fbf403b661b40688261ca 66d306e0601e53481102fc4bdb8fb55650c5d3e91b43e1f3f7442c36e0013f57c4cbc321fd07c9e4aaa37124ec03dec3
CLIENT_EARLY_TRAFFIC_SECRET 17b4d8dbd11235ee06358a460a924bc40a79347955ef271cd9b932d563df407c 179c797e014d2575a92ad27a4524c679a685c1e55c1cdba06c4d9ab21a16fc34
CLIENT_HANDSHAKE_TRAFFIC_SECRET 17b4d8dbd11235ee06358a460a924bc40a79347955ef271cd9b932d563df407c 349bf91c60a89e6f83e56f56ad5cec5e672ba627684a8c51f688142ebf9e31bd
SERVER_HANDSHAKE_TRAFFIC_SECRET 17b4d8dbd11235ee06358a460a924bc40a79347955ef271cd9b932d563df407c 93f9840998f1312dcab6ba75a7ac0c2674f60aabe8f2211e3558a31cf76e5f7a
CLIENT_TRAFFIC_SECRET_0 17b4d8dbd11235ee06358a460a924bc40a79347955ef271cd9b932d563df407c 44ce3307cb1bda986a997f1ff9abfe6bed12ed442797ebf807e2a41b0cd08fd0
SERVER_TRAFFIC_SECRET_0 17b4d8dbd11235ee06358a460a924bc40a79347955ef271cd9b932d563df407c 6388cc0502e5ae5f2b540ec118c5679314b86e1be0f151f6c0a8541f8cb3834f
EXPORTER_SECRET 17b4d8dbd11235ee06358a460a924bc40a79347955ef271cd9b932d563df407c fa5c63e3575a9bca58fb5f6f1a4ea21f9d62cd0daeab89ccdff8922eb027b739
